Fminbox
-------
Initial mu = 2.96039

Fminbox iteration 1
-------------------
Calling inner optimizer with mu = 2.96039

(numbers below include barrier contribution)
Iter     Function value   Gradient norm 
     0     1.326373e+05     7.465052e+06
 * time: 0.031005859375
     1     1.663635e+04     7.808672e+08
 * time: 43.13202500343323
     2     1.663595e+04     1.265469e+09
 * time: 50.42243695259094
     3     1.053677e+04     4.456476e+07
 * time: 80.19399499893188
     4     6.091314e+03     2.924243e+08
 * time: 113.38639783859253
     5     6.091320e+03     2.924314e+08
 * time: 120.97773098945618
     6     5.681768e+03     3.181412e+08
 * time: 143.26357793807983
     7     5.639377e+03     3.214750e+08
 * time: 161.77051091194153
     8     5.615046e+03     3.238111e+08
 * time: 176.593092918396
     9     5.520528e+03     1.519690e+09
 * time: 198.95440983772278
    10     5.411704e+03     5.241945e+10
 * time: 221.2166199684143
    11     4.827903e+03     8.326260e+12
 * time: 251.15072202682495
    12     4.471794e+03     3.826387e+11
 * time: 266.8942320346832
    13     4.268377e+03     2.067790e+11
 * time: 278.36411786079407
    14     4.176386e+03     2.846322e+11
 * time: 289.82898688316345
    15     4.009853e+03     1.361287e+11
 * time: 299.4072639942169
    16     3.845701e+03     5.306082e+12
 * time: 313.67072796821594
    17     3.830636e+03     3.102913e+13
 * time: 327.92944598197937
    18     3.813641e+03     7.198398e+12
 * time: 333.64852380752563
    19     3.778015e+03     9.636198e+12
 * time: 339.3846929073334
    20     3.680878e+03     2.666055e+13
 * time: 355.110239982605
    21     3.665026e+03     3.320183e+13
 * time: 365.62303590774536
    22     3.648771e+03     3.973794e+13
 * time: 376.8821918964386
    23     3.572957e+03     1.243694e+15
 * time: 399.09311985969543
    24     3.569123e+03     2.842555e+15
 * time: 410.11809182167053
    25     3.539526e+03     2.067161e+15
 * time: 425.0968909263611
    26     3.504165e+03     3.049292e+15
 * time: 439.75418496131897
    27     3.474633e+03     1.085507e+16
 * time: 451.14219093322754
    28     3.468686e+03     1.662215e+16
 * time: 462.0828080177307
    29     3.435206e+03     1.486233e+15
 * time: 473.4227578639984
    30     3.427450e+03     1.447220e+15
 * time: 492.1581699848175
    31     3.418827e+03     1.229748e+15
 * time: 503.0822718143463
    32     3.418831e+03     1.286124e+15
 * time: 686.7802059650421
    33     3.404327e+03     1.233994e+15
 * time: 697.746218919754
    34     3.399066e+03     1.482246e+15
 * time: 708.926787853241
    35     3.381728e+03     1.270428e+15
 * time: 723.6761820316315
    36     3.381732e+03     1.270170e+15
 * time: 937.5476720333099
    37     3.350697e+03     1.311036e+15
 * time: 952.9453430175781
    38     3.278335e+03     3.948726e+14
 * time: 965.3652470111847
    39     3.273622e+03     3.863234e+14
 * time: 971.1403768062592
    40     3.236333e+03     3.791315e+14
 * time: 982.6213119029999
    41     3.225472e+03     3.551441e+14
 * time: 988.3718919754028
    42     3.185217e+03     4.317564e+14
 * time: 999.9096410274506
    43     3.173389e+03     4.480570e+14
 * time: 1008.8213248252869
    44     3.167575e+03     4.438881e+14
 * time: 1015.2653789520264
    45     3.167578e+03     4.348684e+14
 * time: 1216.971002817154
    46     3.130914e+03     2.248216e+14
 * time: 1224.9797480106354
    47     3.114443e+03     1.158947e+14
 * time: 1240.3497169017792
    48     3.113483e+03     1.111530e+14
 * time: 1248.0509669780731
    49     3.110659e+03     7.166093e+13
 * time: 1255.5740888118744
    50     3.110662e+03     7.163210e+13
 * time: 1459.8313808441162

Exiting inner optimizer with x = [0.9628649787808966, 0.40187001729367194, 0.40123380967615574, 0.6063363778519717, 0.8314793026683757, 0.40146402998954095, 1.0011164499127256e-5, 1.0421376486576382e-5, 1.0000000041327646e-5, 2.674267381297466e-5]
Current distance to box: 4.13276e-14
Decreasing barrier term μ.

Fminbox iteration 2
-------------------
Calling inner optimizer with mu = 0.00296039

(numbers below include barrier contribution)
Iter     Function value   Gradient norm 
     0     2.800574e+03     4.724585e+08
 * time: 1.2874603271484375e-5
     1     2.800491e+03     7.163208e+10
 * time: 7.579399824142456
     2     2.797310e+03     7.162677e+10
 * time: 15.220678806304932
     3     2.790193e+03     7.161101e+10
 * time: 52.75198483467102
     4     2.787679e+03     7.134630e+10
 * time: 68.66381692886353
     5     2.787217e+03     7.128131e+10
 * time: 84.12890481948853
     6     2.781758e+03     6.993052e+10
 * time: 106.9230170249939
     7     2.781761e+03     6.992765e+10
 * time: 296.079372882843
     8     2.781331e+03     6.699010e+10
 * time: 322.2112989425659
     9     2.781250e+03     6.233994e+10
 * time: 341.01915287971497
    10     2.781125e+03     5.556298e+10
 * time: 364.5329339504242
    11     2.780886e+03     4.575875e+10
 * time: 391.62109088897705
    12     2.780889e+03     4.575217e+10
 * time: 604.1662268638611
    13     2.779425e+03     5.052746e+10
 * time: 615.6105628013611
    14     2.778664e+03     7.042405e+10
 * time: 626.5847079753876
    15     2.778370e+03     8.725692e+10
 * time: 638.0647239685059
    16     2.778373e+03     8.739409e+10
 * time: 818.5083899497986
    17     2.777976e+03     6.967183e+09
 * time: 833.4480488300323
    18     2.777979e+03     7.008798e+09
 * time: 1013.2064509391785
    19     2.777982e+03     6.957610e+09
 * time: 1192.2001569271088
    20     2.777984e+03     6.973105e+09
 * time: 1368.6590738296509
    21     2.777987e+03     7.002755e+09
 * time: 1551.8889439105988
    22     2.777990e+03     7.000072e+09
 * time: 1738.7876620292664
    23     2.777883e+03     7.169807e+09
 * time: 1746.4511868953705
    24     2.777886e+03     7.169664e+09
 * time: 1932.9093978404999
    25     2.777883e+03     7.206756e+09
 * time: 1943.262221813202
    26     2.777439e+03     2.392711e+10
 * time: 1954.3512179851532
    27     2.775908e+03     5.097597e+09
 * time: 1965.7860100269318
    28     2.775910e+03     5.071821e+09
 * time: 2165.315421819687
    29     2.775913e+03     5.007178e+09
 * time: 2350.1595668792725
    30     2.775859e+03     6.209758e+09
 * time: 2372.9685039520264
    31     2.775862e+03     8.855533e+09
 * time: 2536.695366859436
    32     2.775865e+03     8.833848e+09
 * time: 2734.7629477977753
    33     2.775774e+03     9.086872e+09
 * time: 2749.283746957779
    34     2.775691e+03     1.058570e+10
 * time: 2760.4395940303802
    35     2.775694e+03     1.058651e+10
 * time: 2946.543489933014
    36     2.775696e+03     1.058345e+10
 * time: 3137.5536098480225
    37     2.775685e+03     1.085973e+10
 * time: 3149.075984954834
    38     2.775688e+03     1.085516e+10
 * time: 3307.7120468616486
    39     2.775686e+03     1.058610e+10
 * time: 3318.7387828826904
    40     2.775621e+03     1.543961e+10
 * time: 3330.024216890335
    41     2.775624e+03     1.669410e+10
 * time: 3490.041035890579
    42     2.775626e+03     1.655986e+10
 * time: 3693.063989877701
    43     2.775629e+03     1.656808e+10
 * time: 3892.4428930282593
    44     2.775632e+03     1.673795e+10
 * time: 4058.2546348571777
    45     2.775593e+03     1.699636e+10
 * time: 4065.4468739032745
    46     2.775596e+03     1.698769e+10
 * time: 4262.1472380161285
    47     2.775599e+03     1.697399e+10
 * time: 4456.38183093071
    48     2.775602e+03     1.696513e+10
 * time: 4653.07319188118
    49     2.775604e+03     1.459914e+10
 * time: 4807.445017814636
    50     2.775607e+03     1.391845e+10
 * time: 4988.239355802536

Exiting inner optimizer with x = [0.9653026484568124, 0.4000000602909182, 0.40000001442512345, 0.6385737115094384, 0.8510367636744964, 0.4000011563621825, 1.000000020482047e-5, 1.0051888303847156e-5, 1.0000001422465245e-5, 1.0000539278886338e-5]
Current distance to box: 2.0482e-13
Decreasing barrier term μ.

Fminbox iteration 3
-------------------
Calling inner optimizer with mu = 2.96039e-6

(numbers below include barrier contribution)
Iter     Function value   Gradient norm 
     0     2.775153e+03     5.351112e+08
 * time: 8.106231689453125e-6
     1     2.774907e+03     5.305078e+08
 * time: 7.584242105484009
     2     2.774910e+03     5.305057e+08
 * time: 205.43515419960022
     3     2.774912e+03     5.305044e+08
 * time: 410.15679717063904
     4     2.774915e+03     5.304825e+08
 * time: 594.6920800209045
     5     2.774918e+03     5.301161e+08
 * time: 751.8610591888428
     6     2.774921e+03     5.298796e+08
 * time: 921.922562122345
     7     2.774923e+03     5.296670e+08
 * time: 1112.1956281661987
     8     2.774926e+03     5.294114e+08
 * time: 1270.057207107544
     9     2.774929e+03     5.291637e+08
 * time: 1440.3053810596466
    10     2.774932e+03     5.289031e+08
 * time: 1606.598538160324
    11     2.774934e+03     5.286525e+08
 * time: 1792.7380831241608
    12     2.774937e+03     5.276501e+08
 * time: 1966.3480501174927
    13     2.774940e+03     5.268070e+08
 * time: 2151.281341075897
    14     2.774883e+03     5.253400e+08
 * time: 2170.213392972946
    15     2.774884e+03     5.253388e+08
 * time: 2181.5502920150757
    16     2.774882e+03     4.824125e+08
 * time: 2211.775910139084
    17     2.774885e+03     4.818100e+08
 * time: 2403.394028186798
    18     2.774888e+03     4.804084e+08
 * time: 2437.1652381420135
    19     2.774890e+03     4.793945e+08
 * time: 2617.745585203171
    20     2.774892e+03     4.791675e+08
 * time: 2640.207668066025
    21     2.774895e+03     4.868267e+08
 * time: 2835.351977109909
    22     2.774896e+03     4.188536e+08
 * time: 2850.3951489925385
    23     2.774894e+03     4.640275e+08
 * time: 2880.5764920711517
    24     2.774895e+03     4.652390e+08
 * time: 2895.6574289798737
    25     2.774898e+03     4.660043e+08
 * time: 3106.1301140785217
    26     2.774900e+03     4.746562e+08
 * time: 3272.093047142029
    27     2.774903e+03     4.803148e+08
 * time: 3463.9776480197906
    28     2.774906e+03     4.667178e+08
 * time: 3660.5345380306244
    29     2.774909e+03     3.927139e+08
 * time: 3838.149845123291
    30     2.774911e+03     3.956210e+08
 * time: 4011.6571130752563
    31     2.774914e+03     4.723163e+08
 * time: 4188.4610760211945
    32     2.773644e+03     5.351226e+08
 * time: 4199.7262370586395
    33     2.773647e+03     5.352906e+08
 * time: 4406.998281002045
    34     2.773650e+03     5.352659e+08
 * time: 4600.955157995224
    35     2.773652e+03     5.353531e+08
 * time: 4791.939682006836
    36     2.773654e+03     5.398819e+08
 * time: 4806.801908969879
    37     2.773657e+03     5.408112e+08
 * time: 4994.227822065353
    38     2.773660e+03     5.395333e+08
 * time: 5160.076951980591
    39     2.773663e+03     5.342394e+08
 * time: 5335.09160900116
    40     2.773665e+03     5.408898e+08
 * time: 5521.144718170166
    41     2.773665e+03     5.424422e+08
 * time: 5539.898959159851
    42     2.773666e+03     7.422272e+08
 * time: 5562.070876121521
    43     2.773582e+03     2.666476e+09
 * time: 5591.772787094116
    44     2.773584e+03     6.925892e+08
 * time: 5795.679929971695
    45     2.773587e+03     7.305394e+08
 * time: 5950.661882162094
    46     2.773300e+03     4.806115e+11
 * time: 5994.971246004105
    47     2.773302e+03     5.443385e+08
 * time: 6194.130311012268
    48     2.773305e+03     5.443374e+08
 * time: 6388.837648153305
    49     2.773308e+03     5.443146e+08
 * time: 6568.711811065674
    50     2.773294e+03     3.610349e+08
 * time: 6590.841194152832

Exiting inner optimizer with x = [0.9647208052915177, 0.40000000000002117, 0.4000000218483476, 0.6386205057651004, 0.8545970408181982, 0.4000006424601663, 1.0000000016104006e-5, 1.00152265516149e-5, 1.000000005487654e-5, 1.000000017481971e-5]
Current distance to box: 1.6104e-14
Decreasing barrier term μ.

Fminbox iteration 4
-------------------
Calling inner optimizer with mu = 2.96039e-9

(numbers below include barrier contribution)
Iter     Function value   Gradient norm 
     0     2.773294e+03     5.448641e+08
 * time: 8.106231689453125e-6
     1     2.773297e+03     5.446802e+08
 * time: 205.7797179222107
     2     2.773299e+03     5.446753e+08
 * time: 407.24239206314087
     3     2.773287e+03     5.446263e+08
 * time: 473.29622411727905
     4     2.773021e+03     5.426660e+08
 * time: 487.82475304603577
     5     2.773024e+03     5.426507e+08
 * time: 674.6013000011444
     6     2.773026e+03     5.425422e+08
 * time: 703.7587509155273
     7     2.773029e+03     5.424323e+08
 * time: 883.3496971130371
     8     2.773031e+03     5.422687e+08
 * time: 1118.1255979537964
     9     2.773034e+03     5.403992e+08
 * time: 1293.5667979717255
    10     2.773035e+03     4.668699e+10
 * time: 1326.6928749084473
    11     2.773035e+03     2.406989e+10
 * time: 1581.5075769424438
    12     2.773035e+03     1.804763e+10
 * time: 1614.1169929504395
    13     2.773038e+03     1.450824e+11
 * time: 1790.6924159526825
    14     2.773038e+03     1.746961e+12
 * time: 2031.8602530956268
    15     2.773034e+03     1.555033e+09
 * time: 2073.2279000282288
    16     2.773034e+03     1.555033e+09
 * time: 2086.967898130417
    17     2.773037e+03     1.549920e+09
 * time: 2273.430993080139
    18     2.773038e+03     1.554945e+09
 * time: 2290.648467063904
    19     2.773041e+03     1.562529e+09
 * time: 2452.8277020454407
    20     2.773044e+03     1.537473e+09
 * time: 2625.7628350257874
    21     2.773045e+03     1.747503e+12
 * time: 2819.078761100769
    22     2.773046e+03     8.737516e+11
 * time: 3067.653312921524
    23     2.773046e+03     1.747503e+12
 * time: 3336.942724943161
    24     2.773046e+03     1.747503e+12
 * time: 3524.923262119293
    25     2.773047e+03     3.495006e+11
 * time: 3732.408071041107
    26     2.773049e+03     4.368758e+11
 * time: 3964.692132949829
    27     2.773051e+03     1.588639e+11
 * time: 4128.051491975784
    28     2.773053e+03     8.737516e+11
 * time: 4362.207981109619
    29     2.773053e+03     8.737516e+11
 * time: 4581.995751142502
    30     2.773053e+03     8.737516e+11
 * time: 4799.616894960403
    31     2.773053e+03     8.737516e+11
 * time: 5029.854198932648
    32     2.773054e+03     5.825011e+11
 * time: 5296.5786690711975
    33     2.773054e+03     1.747503e+12
 * time: 5498.5816349983215
    34     2.773054e+03     1.747503e+12
 * time: 5700.788738012314
    35     2.773054e+03     1.747503e+12
 * time: 5954.503982067108
    36     2.773054e+03     1.747503e+12
 * time: 6185.1545379161835
    37     2.773054e+03     1.747503e+12
 * time: 6396.973441123962
    38     2.773054e+03     1.747503e+12
 * time: 6617.330039978027
    39     2.773054e+03     1.747503e+12
 * time: 6848.335444927216
    40     2.773055e+03     1.747503e+12
 * time: 7084.930496931076
    41     2.773055e+03     8.737516e+11
 * time: 7294.2206609249115
    42     2.773055e+03     8.737516e+11
 * time: 7517.18025302887
    43     2.773055e+03     1.747503e+12
 * time: 7734.824369907379
    44     2.773055e+03     1.747503e+12
 * time: 7946.902703046799
    45     2.773055e+03     1.747503e+12
 * time: 8137.904510974884
    46     2.773056e+03     1.747503e+12
 * time: 8177.579148054123
    47     2.773056e+03     1.747503e+12
 * time: 8419.313632965088
    48     2.773056e+03     1.747503e+12
 * time: 8681.772706985474
    49     2.773057e+03     8.737516e+11
 * time: 8701.526253938675
    50     2.773057e+03     8.737516e+11
 * time: 8925.03047800064

Exiting inner optimizer with x = [0.9645436720004154, 0.40000000000000024, 0.4000000000000005, 0.634727849732177, 0.8568658309115013, 0.4000000000000001, 1.0000000000000008e-5, 1.0013238124226089e-5, 1.0000000000021053e-5, 1.0000000000000004e-5]
Current distance to box: 3.38813e-21
Decreasing barrier term μ.

Fminbox iteration 5
-------------------
Calling inner optimizer with mu = 2.96039e-12

(numbers below include barrier contribution)
Iter     Function value   Gradient norm 
     0     2.773057e+03     5.428755e+08
 * time: 5.9604644775390625e-6
     1     2.773060e+03     8.737208e+08
 * time: 219.9959900379181
     2     2.773062e+03     8.737208e+08
 * time: 419.73366594314575
     3     2.773065e+03     8.737208e+08
 * time: 606.5068860054016
     4     2.773068e+03     8.737208e+08
 * time: 781.910523891449
     5     2.773071e+03     8.737208e+08
 * time: 961.049103975296
     6     2.773073e+03     8.737208e+08
 * time: 1093.2644259929657
     7     2.773076e+03     8.737208e+08
 * time: 1254.0639698505402
     8     2.773079e+03     8.737208e+08
 * time: 1389.0146670341492
     9     2.773082e+03     8.737208e+08
 * time: 1537.8767800331116
    10     2.773085e+03     8.737208e+08
 * time: 1682.8842430114746
    11     2.773087e+03     8.737208e+08
 * time: 1834.8530759811401
    12     2.773088e+03     8.737208e+08
 * time: 1841.504320859909
    13     2.773087e+03     1.747472e+09
 * time: 1854.7421329021454
    14     2.773087e+03     1.747472e+09
 * time: 2090.1050169467926
    15     2.773087e+03     1.747472e+09
 * time: 2300.2168588638306
    16     2.773087e+03     1.747472e+09
 * time: 2528.3280458450317
    17     2.773087e+03     1.747484e+09
 * time: 2716.116534948349
    18     2.773089e+03     1.204680e+09
 * time: 2933.461807012558
    19     2.773089e+03     1.747484e+09
 * time: 3151.727026939392
    20     2.773089e+03     1.204680e+09
 * time: 3364.1462829113007
    21     2.773089e+03     1.747472e+09
 * time: 3589.291053056717
    22     2.773092e+03     5.418474e+08
 * time: 3761.0797159671783
    23     2.773095e+03     5.426006e+08
 * time: 3944.953318834305
    24     2.773098e+03     5.426346e+08
 * time: 4135.170567989349
    25     2.773100e+03     5.423643e+08
 * time: 4298.332406997681
    26     2.773101e+03     1.204688e+09
 * time: 4464.841300010681
    27     2.773101e+03     5.347256e+08
 * time: 4622.376456975937
    28     2.773101e+03     5.351514e+08
 * time: 4807.68704199791
    29     2.773101e+03     5.351514e+08
 * time: 4992.140611886978
    30     2.773101e+03     5.351177e+08
 * time: 5205.96879196167
    31     2.773101e+03     1.747484e+09
 * time: 5416.013345003128
    32     2.773103e+03     1.747472e+09
 * time: 5617.277521848679
    33     2.773105e+03     5.424730e+08
 * time: 5808.3291890621185
    34     2.773104e+03     5.425423e+08
 * time: 6025.33952999115
    35     2.773104e+03     5.425423e+08
 * time: 6229.408689022064
    36     2.773063e+03     5.428646e+08
 * time: 6236.12039399147
    37     2.773066e+03     5.428606e+08
 * time: 6397.823744058609
    38     2.773069e+03     5.428649e+08
 * time: 6551.477069854736
    39     2.773069e+03     1.059892e+08
 * time: 6594.253254890442
    40     2.773069e+03     5.022254e+08
 * time: 6759.5717849731445
    41     2.773069e+03     4.968781e+08
 * time: 7007.741832971573
    42     2.773071e+03     5.427773e+08
 * time: 7185.141810894012
    43     2.773071e+03     5.427773e+08
 * time: 7221.632099866867
    44     2.773071e+03     5.427774e+08
 * time: 7407.587285041809
    45     2.773073e+03     5.426409e+08
 * time: 7585.007817029953
    46     2.773073e+03     5.426409e+08
 * time: 7781.2833340168
    47     2.773073e+03     5.426409e+08
 * time: 7990.703279972076
    48     2.773073e+03     5.426409e+08
 * time: 8209.787055015564
    49     2.773073e+03     5.426410e+08
 * time: 8427.264643907547
    50     2.773073e+03     5.426396e+08
 * time: 8456.982164859772

Exiting inner optimizer with x = [0.9645744058830032, 0.40000000000000385, 0.40000000000000335, 0.6348266416484226, 0.8570427490002868, 0.40000000000000874, 1.0000000000013096e-5, 1.001384029173633e-5, 1.0000000000299478e-5, 1.0000000027351266e-5]
Current distance to box: 1.30951e-17
Decreasing barrier term μ.

Fminbox iteration 6
-------------------
Calling inner optimizer with mu = 2.96039e-15

(numbers below include barrier contribution)
Iter     Function value   Gradient norm 
     0     2.773073e+03     5.428656e+08
 * time: 5.9604644775390625e-6
     1     2.773076e+03     5.428671e+08
 * time: 204.75703811645508
     2     2.773078e+03     5.428653e+08
 * time: 369.84970712661743
     3     2.773079e+03     5.411125e+08
 * time: 594.4619960784912
     4     2.773079e+03     5.411125e+08
 * time: 785.4861769676208
     5     2.773079e+03     5.411125e+08
 * time: 993.0695259571075
     6     2.773079e+03     5.411125e+08
 * time: 1228.582379102707
     7     2.773079e+03     5.411125e+08
 * time: 1425.9319570064545
     8     2.773079e+03     5.411125e+08
 * time: 1634.6766259670258
     9     2.773079e+03     5.411125e+08
 * time: 1778.5136020183563

Exiting inner optimizer with x = [0.9645743570953283, 0.40000000000000385, 0.40000000000000335, 0.6348233759393712, 0.8570378658472605, 0.4000000000000087, 1.0000000000000003e-5, 1.001404186009542e-5, 1.0000000000299217e-5, 1.0000000024174616e-5]
Current distance to box: 1.69407e-21
Decreasing barrier term μ.

Fminbox iteration 7
-------------------
Calling inner optimizer with mu = 2.96039e-18

(numbers below include barrier contribution)
Iter     Function value   Gradient norm 
     0     2.773079e+03     5.428600e+08
 * time: 8.106231689453125e-6
     1     2.773082e+03     5.428599e+08
 * time: 181.5503921508789
     2     2.773085e+03     5.428582e+08
 * time: 366.0140290260315
     3     2.773085e+03     5.428581e+08
 * time: 510.0932741165161
     4     2.773085e+03     5.428566e+08
 * time: 700.2220251560211
     5     2.773085e+03     5.428566e+08
 * time: 913.6518471240997
     6     2.773085e+03     5.428566e+08
 * time: 1182.5581440925598
     7     2.773085e+03     5.428566e+08
 * time: 1403.736379146576
     8     2.773085e+03     5.428566e+08
 * time: 1604.6730439662933
     9     2.773085e+03     5.428566e+08
 * time: 1817.6689410209656
    10     2.773085e+03     5.428566e+08
 * time: 1989.48220205307

Exiting inner optimizer with x = [0.9645745525506404, 0.40000000000000047, 0.40000000000000085, 0.6348223425010461, 0.8570366195866337, 0.4000000000000001, 1.0000000000000003e-5, 1.0014219656526826e-5, 1.0000000000090908e-5, 1.0000000042093002e-5]
Current distance to box: 1.69407e-21
Decreasing barrier term μ.

Fminbox iteration 8
-------------------
Calling inner optimizer with mu = 2.96039e-21

(numbers below include barrier contribution)
Iter     Function value   Gradient norm 
     0     2.773085e+03     5.428584e+08
 * time: 5.9604644775390625e-6
     1     2.773088e+03     5.428600e+08
 * time: 188.53471112251282
     2     2.773091e+03     5.428583e+08
 * time: 342.37362694740295
     3     2.773091e+03     5.428583e+08
 * time: 458.9936239719391
     4     2.773091e+03     5.428583e+08
 * time: 630.230870962143
     5     2.773091e+03     5.428583e+08
 * time: 839.2023000717163
     6     2.773091e+03     5.428583e+08
 * time: 1069.8226051330566
     7     2.773091e+03     5.428583e+08
 * time: 1328.540148973465
     8     2.773091e+03     5.428583e+08
 * time: 1521.3527750968933
     9     2.773091e+03     5.428583e+08
 * time: 1705.3510310649872
    10     2.773091e+03     5.428583e+08
 * time: 1928.4690639972687
    11     2.773091e+03     5.428583e+08
 * time: 2105.8578140735626
    12     2.773091e+03     5.428583e+08
 * time: 2311.7628910541534
    13     2.773091e+03     5.428583e+08
 * time: 2499.8831939697266
    14     2.773091e+03     5.428583e+08
 * time: 2705.872724056244
    15     2.773091e+03     5.428583e+08
 * time: 2894.909022092819
    16     2.773091e+03     5.428583e+08
 * time: 3083.6198711395264
    17     2.773091e+03     5.428583e+08
 * time: 3282.5448620319366
    18     2.773091e+03     5.428583e+08
 * time: 3435.9224989414215
    19     2.773091e+03     5.428583e+08
 * time: 3598.9770369529724
    20     2.773091e+03     5.428583e+08
 * time: 3819.848503112793
    21     2.773091e+03     5.428583e+08
 * time: 4037.9956550598145
    22     2.773091e+03     5.428583e+08
 * time: 4243.886350154877
    23     2.773091e+03     5.428583e+08
 * time: 4416.956196069717
    24     2.773091e+03     5.428583e+08
 * time: 4620.527857065201
    25     2.773091e+03     5.428583e+08
 * time: 4827.201516151428
    26     2.773091e+03     5.428583e+08
 * time: 5035.412900924683
    27     2.773091e+03     5.428583e+08
 * time: 5217.411427021027
    28     2.773091e+03     5.428583e+08
 * time: 5394.912400960922
    29     2.773091e+03     5.428583e+08
 * time: 5575.049489021301
    30     2.773091e+03     5.428583e+08
 * time: 5757.440313100815
    31     2.773091e+03     5.428583e+08
 * time: 5970.195451974869
    32     2.773091e+03     5.428583e+08
 * time: 6210.230837106705
    33     2.773091e+03     5.428583e+08
 * time: 6373.129012107849
    34     2.773091e+03     5.428583e+08
 * time: 6573.491498947144
    35     2.773091e+03     5.428583e+08
 * time: 6753.982933044434
    36     2.773091e+03     5.428583e+08
 * time: 6943.796566963196
    37     2.773094e+03     5.428525e+08
 * time: 7148.704484939575
    38     2.773094e+03     5.428527e+08
 * time: 7292.8274800777435
    39     2.773094e+03     5.428527e+08
 * time: 7465.386196136475
    40     2.773094e+03     5.428527e+08
 * time: 7688.333712100983
    41     2.773094e+03     5.428527e+08
 * time: 7877.311123132706
    42     2.773094e+03     5.428527e+08
 * time: 8048.985502958298
    43     2.773094e+03     5.428527e+08
 * time: 8297.78067612648
    44     2.773094e+03     5.428527e+08
 * time: 8483.712829113007
    45     2.773094e+03     5.428527e+08
 * time: 8655.79636311531
    46     2.773094e+03     5.428527e+08
 * time: 8852.40112900734
    47     2.773094e+03     5.428527e+08
 * time: 9030.319882154465
    48     2.773094e+03     5.428527e+08
 * time: 9240.401859998703
    49     2.773094e+03     5.428527e+08
 * time: 9450.283831119537
    50     2.773094e+03     5.428527e+08
 * time: 9569.790333032608

Exiting inner optimizer with x = [0.9645748457344477, 0.40000000019903137, 0.4000000001963227, 0.6348223280099963, 0.8570365968826853, 0.4000000000036426, 1.0000000000000003e-5, 1.0014469531202438e-5, 1.000000005306602e-5, 1.0002762390282414e-5]
Current distance to box: 1.69407e-21
Decreasing barrier term μ.

Fminbox iteration 9
-------------------
Calling inner optimizer with mu = 2.96039e-24

(numbers below include barrier contribution)
Iter     Function value   Gradient norm 
     0     2.773094e+03     5.428527e+08
 * time: 8.106231689453125e-6
     1     2.773096e+03     5.428544e+08
 * time: 163.81313705444336
     2     2.773096e+03     5.428543e+08
 * time: 329.6624231338501
     3     2.773096e+03     5.428543e+08
 * time: 494.80029797554016
     4     2.773096e+03     5.428543e+08
 * time: 685.3908679485321
     5     2.773096e+03     5.428543e+08
 * time: 888.2419929504395
     6     2.773096e+03     5.428543e+08
 * time: 1089.5992250442505
     7     2.773096e+03     5.428543e+08
 * time: 1254.6265270709991
     8     2.773096e+03     5.428543e+08
 * time: 1428.4071230888367
     9     2.773096e+03     5.428543e+08
 * time: 1561.6978380680084
    10     2.773096e+03     5.428543e+08
 * time: 1710.303966999054

Exiting inner optimizer with x = [0.9645748457355002, 0.4000000001953242, 0.40000000019343657, 0.6348223280099204, 0.8570365968826438, 0.4000000000000326, 1.0000000000000003e-5, 1.0014554091896952e-5, 1.0000000000000003e-5, 1.0002795187294687e-5]
Current distance to box: 1.69407e-21
Decreasing barrier term μ.

Fminbox iteration 10
--------------------
Calling inner optimizer with mu = 2.96039e-27

(numbers below include barrier contribution)
Iter     Function value   Gradient norm 
     0     2.773096e+03     5.428543e+08
 * time: 6.9141387939453125e-6
     1     2.773099e+03     5.428559e+08
 * time: 205.59807300567627
     2     2.773099e+03     5.428559e+08
 * time: 427.1539399623871
     3     2.773099e+03     5.428559e+08
 * time: 627.7811601161957
     4     2.773099e+03     5.428559e+08
 * time: 855.0818319320679
     5     2.773099e+03     5.428559e+08
 * time: 1079.304258108139
     6     2.773099e+03     5.428559e+08
 * time: 1273.2508721351624
     7     2.773099e+03     5.428559e+08
 * time: 1457.0894210338593
     8     2.773099e+03     5.428559e+08
 * time: 1638.6405560970306
     9     2.773099e+03     5.428559e+08
 * time: 1866.1743741035461

Exiting inner optimizer with x = [0.9645748457348258, 0.40000000018434256, 0.40000000017587084, 0.6348223280069637, 0.8570365968827388, 0.4000000000000001, 1.0000000000000003e-5, 1.0014633160193218e-5, 1.0000000000000003e-5, 1.0002798495622938e-5]
Current distance to box: 1.69407e-21
Decreasing barrier term μ.

Fminbox iteration 11
--------------------
Calling inner optimizer with mu = 2.96039e-30

(numbers below include barrier contribution)
Iter     Function value   Gradient norm 
     0     2.773099e+03     5.428559e+08
 * time: 6.9141387939453125e-6
     1     2.773099e+03     5.428560e+08
 * time: 258.46401286125183
     2     2.773099e+03     5.428560e+08
 * time: 469.3382830619812
     3     2.773099e+03     5.428560e+08
 * time: 655.656229019165
     4     2.773099e+03     5.428560e+08
 * time: 905.2506210803986
     5     2.773099e+03     5.428560e+08
 * time: 1096.7415058612823
     6     2.773099e+03     5.428560e+08
 * time: 1254.0813040733337
     7     2.773099e+03     5.428560e+08
 * time: 1432.754282951355
     8     2.773099e+03     5.428560e+08
 * time: 1608.7423739433289
     9     2.773099e+03     5.428560e+08
 * time: 1765.6287219524384
    10     2.773099e+03     5.428560e+08
 * time: 1952.80539894104
    11     2.773099e+03     5.428560e+08
 * time: 2142.5881819725037
    12     2.773099e+03     5.428560e+08
 * time: 2299.820025920868
    13     2.773099e+03     5.428560e+08
 * time: 2456.4384949207306
    14     2.773099e+03     5.428560e+08
 * time: 2605.061908006668
    15     2.773099e+03     5.428560e+08
 * time: 2778.875232934952
    16     2.773099e+03     5.428560e+08
 * time: 2949.9479179382324
    17     2.773099e+03     5.428560e+08
 * time: 3085.803587913513
    18     2.773099e+03     5.428560e+08
 * time: 3250.823723077774
    19     2.773099e+03     5.428560e+08
 * time: 3423.3106009960175

Exiting inner optimizer with x = [0.9645748457348268, 0.40000000018431675, 0.4000000001758517, 0.634822328006963, 0.8570365968827433, 0.4000000000000001, 1.0000000000000003e-5, 1.0014636268640686e-5, 1.0000000000000004e-5, 1.0002798481735777e-5]
Current distance to box: 1.69407e-21
Decreasing barrier term μ.

Fminbox iteration 12
--------------------
Calling inner optimizer with mu = 2.96039e-33

(numbers below include barrier contribution)
Iter     Function value   Gradient norm 
     0     2.773099e+03     5.428560e+08
 * time: 8.106231689453125e-6
     1     2.773099e+03     5.428560e+08
 * time: 162.6535940170288
     2     2.773099e+03     5.428560e+08
 * time: 338.04630303382874
     3     2.773099e+03     5.428560e+08
 * time: 511.14443802833557
     4     2.773099e+03     5.428560e+08
 * time: 693.9853050708771
     5     2.773099e+03     5.428560e+08
 * time: 869.4038560390472
     6     2.773099e+03     5.428560e+08
 * time: 1036.8806910514832
     7     2.773099e+03     5.428560e+08
 * time: 1193.5577611923218

Exiting inner optimizer with x = [0.9645748457348268, 0.40000000018431675, 0.4000000001758517, 0.634822328006963, 0.8570365968827433, 0.4000000000000001, 1.0000000000000003e-5, 1.0014636271749692e-5, 1.0000000000000004e-5, 1.0002798481743832e-5]
Current distance to box: 1.69407e-21
Decreasing barrier term μ.

Fminbox iteration 13
--------------------
Calling inner optimizer with mu = 2.96039e-36

(numbers below include barrier contribution)
Iter     Function value   Gradient norm 
     0     2.773099e+03     5.428560e+08
 * time: 6.9141387939453125e-6
     1     2.773099e+03     5.428560e+08
 * time: 183.57638597488403
     2     2.773099e+03     5.428560e+08
 * time: 324.2560610771179
     3     2.773099e+03     5.428560e+08
 * time: 467.7049329280853

Exiting inner optimizer with x = [0.9645748457348268, 0.40000000018431675, 0.4000000001758517, 0.634822328006963, 0.8570365968827433, 0.4000000000000001, 1.0000000000000003e-5, 1.0014636271752802e-5, 1.0000000000000004e-5, 1.0002798481743851e-5]
Current distance to box: 1.69407e-21
Decreasing barrier term μ.

Fminbox iteration 14
--------------------
Calling inner optimizer with mu = 2.96039e-39

(numbers below include barrier contribution)
Iter     Function value   Gradient norm 
     0     2.773099e+03     5.428560e+08
 * time: 8.106231689453125e-6
     1     2.773099e+03     5.428560e+08
 * time: 180.77552103996277
     2     2.773099e+03     5.428560e+08
 * time: 321.49802708625793

Exiting inner optimizer with x = [0.9645748457348268, 0.40000000018431675, 0.4000000001758517, 0.634822328006963, 0.8570365968827433, 0.4000000000000001, 1.0000000000000003e-5, 1.0014636271752807e-5, 1.0000000000000004e-5, 1.0002798481743851e-5]
Current distance to box: 1.69407e-21
Decreasing barrier term μ.

β1,β2,ηS,ϕ1 * Status: success (objective increased between iterations)

 * Candidate solution
    Final objective value:     2.773099e+03

 * Found with
    Algorithm:     Fminbox with L-BFGS

 * Convergence measures
    |x - x'|               = 5.08e-21 ≰ 0.0e+00
    |x - x'|/|x'|          = 3.18e-21 ≰ 0.0e+00
    |f(x) - f(x')|         = 0.00e+00 ≤ 0.0e+00
    |f(x) - f(x')|/|f(x')| = 0.00e+00 ≤ 0.0e+00
    |g(x)|                 = 1.00e+00 ≰ 1.0e-08

 * Work counters
    Seconds run:   52750  (vs limit Inf)
    Iterations:    14
    f(x) calls:    16221
    ∇f(x) calls:   16221

10-element Vector{Float64}:
 0.9645748457348268
 0.40000000018431675
 0.4000000001758517
 0.634822328006963
 0.8570365968827433
 0.4000000000000001
 1.0000000000000003e-5
 1.0014636271752807e-5
 1.0000000000000004e-5

signal (11): Segmentation fault
in expression starting at none:0
setindex! at ./array.jl:966 [inlined]
unsafe_write at ./iobuffer.jl:430
unsafe_write at ./io.jl:419 [inlined]
write at ./strings/io.jl:244 [inlined]
print at ./strings/io.jl:246 [inlined]
showerror at ./errorshow.jl:142 [inlined]
#showerror#861 at ./errorshow.jl:88
showerror##kw at ./errorshow.jl:86 [inlined]
showvalue at /appl/soft/math/julia/julia-1.8.5/usr/share/julia/stdlib/v1.8/Logging/src/ConsoleLogger.jl:56
unknown function (ip: 0x7fe254335c08)
#handle_message#3 at /appl/soft/math/julia/julia-1.8.5/usr/share/julia/stdlib/v1.8/Logging/src/ConsoleLogger.jl:134
handle_message##kw at /appl/soft/math/julia/julia-1.8.5/usr/share/julia/stdlib/v1.8/Logging/src/ConsoleLogger.jl:106
unknown function (ip: 0x7fe25432a724)
macro expansion at ./logging.jl:365 [inlined]
profile_printing_listener at /appl/soft/math/julia/julia-1.8.5/usr/share/julia/stdlib/v1.8/Profile/src/Profile.jl:44
#3 at ./threadingconstructs.jl:258
jfptr_YY.3_63007 at /appl/soft/math/julia/julia-1.8.5/usr/lib/julia/sys.so (unknown line)
 1.0002798481743851e-5